<?xml version="1.0" encoding="UTF-8"?>
<!-- Generated by org.testng.reporters.JUnitXMLReporter -->
<testsuite hostname="IMPC3478" name="FW-ISP" tests="3" failures="1" timestamp="6 Sep 2016 16:50:16 GMT" time="0.344" errors="0">
  <testcase name="@BeforeMethod beforeMethod" time="0.0" classname="com.esri.test.auto.testcases.TC03_ImageSubPortalPermissionPage">
    <failure type="java.lang.NullPointerException">
      <![CDATA[java.lang.NullPointerException
	at com.esri.test.auto.wrappers.GenericWrappers.invokeApp(GenericWrappers.java:69)
	at com.esri.test.auto.wrappers.ESRIWrappers.beforeMethod(ESRIWrappers.java:30)
	at java.util.concurrent.FutureTask.run(Unknown Source)
	at java.util.concurrent.ThreadPoolExecutor.runWorker(Unknown Source)
	at java.util.concurrent.ThreadPoolExecutor$Worker.run(Unknown Source)
	at java.lang.Thread.run(Unknown Source)
... Removed 18 stack frames]]>
    </failure>
  </testcase> <!-- @BeforeMethod beforeMethod -->
  <testcase name="@AfterMethod afterMethod" time="0.0" classname="com.esri.test.auto.testcases.TC03_ImageSubPortalPermissionPage">
    <skipped/>
  </testcase> <!-- @AfterMethod afterMethod -->
  <testcase name="@BeforeClass beforeClass" time="0.0" classname="com.esri.test.auto.testcases.TC04_ImageSubPortalVerify">
    <skipped/>
  </testcase> <!-- @BeforeClass beforeClass -->
  <testcase name="imageSubmissionPortal" time="0.0" classname="com.esri.test.auto.testcases.TC02_ImageSubPortalPage1">
    <skipped/>
  </testcase> <!-- imageSubmissionPortal -->
  <testcase name="imageSubmissionPortalPermission" time="0.001" classname="com.esri.test.auto.testcases.TC03_ImageSubPortalPermissionPage">
    <skipped/>
  </testcase> <!-- imageSubmissionPortalPermission -->
  <testcase name="imageSubmissionPortalVerify" time="0.002" classname="com.esri.test.auto.testcases.TC04_ImageSubPortalVerify">
    <failure type="java.lang.NullPointerException">
      <![CDATA[java.lang.NullPointerException
	at java.util.concurrent.FutureTask.run(Unknown Source)
	at java.util.concurrent.ThreadPoolExecutor.runWorker(Unknown Source)
	at java.util.concurrent.ThreadPoolExecutor$Worker.run(Unknown Source)
	at java.lang.Thread.run(Unknown Source)
... Removed 11 stack frames]]>
    </failure>
  </testcase> <!-- imageSubmissionPortalVerify -->
</testsuite> <!-- FW-ISP -->
