<?xml version="1.0" encoding="UTF-8"?>
<!-- Generated by org.testng.reporters.JUnitXMLReporter -->
<testsuite hostname="IMPC3478" name="Test" tests="1" failures="1" timestamp="19 Aug 2016 12:19:54 GMT" time="0.021" errors="0">
  <testcase name="@BeforeSuite beforeSuite" time="0.0" classname="com.esri.test.auto.testcases.TC01_SigninPage">
    <failure type="java.io.FileNotFoundException" message=".\object.properties (The system cannot find the file specified)">
      <![CDATA[java.io.FileNotFoundException: .\object.properties (The system cannot find the file specified)
	at java.io.FileInputStream.open(Native Method)
	at java.io.FileInputStream.<init>(Unknown Source)
	at com.esri.test.auto.wrappers.GenericWrappers.loadObjects(GenericWrappers.java:89)
	at com.esri.test.auto.wrappers.ESRIWrappers.beforeSuite(ESRIWrappers.java:27)
... Removed 19 stack frames]]>
    </failure>
  </testcase> <!-- @BeforeSuite beforeSuite -->
  <testcase name="@BeforeClass startTestCase" time="0.0" classname="com.esri.test.auto.testcases.TC01_SigninPage">
    <skipped/>
  </testcase> <!-- @BeforeClass startTestCase -->
  <testcase name="loginforSuccess" time="0.009" classname="com.esri.test.auto.testcases.TC01_SigninPage">
    <failure type="java.lang.NullPointerException">
      <![CDATA[java.lang.NullPointerException
... Removed 20 stack frames]]>
    </failure>
  </testcase> <!-- loginforSuccess -->
</testsuite> <!-- Test -->
