<?xml version="1.0" encoding="UTF-8"?>
<!-- Generated by org.testng.reporters.JUnitXMLReporter -->
<testsuite hostname="IMPC3478" name="Chrome Test" tests="1" failures="0" timestamp="23 Aug 2016 13:05:49 GMT" time="0.399" errors="0">
  <testcase name="@BeforeSuite beforeSuite" time="0.0" classname="com.esri.test.auto.testcases.TC01_SigninPage">
    <failure type="java.lang.NullPointerException">
      <![CDATA[java.lang.NullPointerException
	at com.esri.test.auto.utils.Reporter.startTestCase(Reporter.java:54)
	at com.esri.test.auto.wrappers.ESRIWrappers.beforeSuite(ESRIWrappers.java:27)
... Removed 19 stack frames]]>
    </failure>
  </testcase> <!-- @BeforeSuite beforeSuite -->
  <testcase name="@BeforeClass startTestCase" time="0.0" classname="com.esri.test.auto.testcases.TC01_SigninPage">
    <skipped/>
  </testcase> <!-- @BeforeClass startTestCase -->
  <testcase name="@BeforeMethod beforeMethod" time="0.0" classname="com.esri.test.auto.testcases.TC01_SigninPage">
    <skipped/>
  </testcase> <!-- @BeforeMethod beforeMethod -->
  <testcase name="@AfterMethod afterMethod" time="0.0" classname="com.esri.test.auto.testcases.TC01_SigninPage">
    <skipped/>
  </testcase> <!-- @AfterMethod afterMethod -->
  <testcase name="loginforSuccess" time="0.001" classname="com.esri.test.auto.testcases.TC01_SigninPage">
    <skipped/>
  </testcase> <!-- loginforSuccess -->
</testsuite> <!-- Chrome Test -->
