<?xml version="1.0" encoding="UTF-8"?>
<!-- Generated by org.testng.reporters.JUnitXMLReporter -->
<testsuite hostname="IMPC3478" name="firefox tests" tests="1" failures="1" timestamp="26 Aug 2016 10:13:09 GMT" time="0.749" errors="0">
  <testcase name="loginforSuccess" time="0.001" classname="com.esri.test.auto.testcases.TC01_SigninPage">
    <failure type="java.lang.NullPointerException">
      <![CDATA[java.lang.NullPointerException
	at com.esri.test.auto.wrappers.GenericWrappers.VerifyTitle(GenericWrappers.java:222)
	at com.esri.test.auto.pages.SigninPage.<init>(SigninPage.java:13)
	at com.esri.test.auto.testcases.TC01_SigninPage.loginforSuccess(TC01_SigninPage.java:23)
	at java.util.concurrent.FutureTask.run(Unknown Source)
	at java.util.concurrent.ThreadPoolExecutor.runWorker(Unknown Source)
	at java.util.concurrent.ThreadPoolExecutor$Worker.run(Unknown Source)
	at java.lang.Thread.run(Unknown Source)
... Removed 16 stack frames]]>
    </failure>
  </testcase> <!-- loginforSuccess -->
</testsuite> <!-- firefox tests -->
