<?xml version="1.0" encoding="UTF-8"?>
<testng-results skipped="1" failed="0" total="1" passed="0">
  <reporter-output>
  </reporter-output>
  <suite name="Suite" duration-ms="26" started-at="2016-09-01T20:34:37Z" finished-at="2016-09-01T20:34:37Z">
    <groups>
    </groups>
    <test name="ImageSubmissionPortal" duration-ms="26" started-at="2016-09-01T20:34:37Z" finished-at="2016-09-01T20:34:37Z">
      <class name="imageSubmissionPortalTestcases.ImageSubmissionDropdown">
        <test-method status="PASS" signature="beforeSuite()[pri:0, instance:imageSubmissionPortalTestcases.ImageSubmissionDropdown@32be31]" name="beforeSuite" is-config="true" duration-ms="466" started-at="2016-09-02T02:04:37Z" finished-at="2016-09-02T02:04:37Z">
          <reporter-output>
          </reporter-output>
        </test-method> <!-- beforeSuite -->
        <test-method status="FAIL" signature="beforeClass()[pri:0, instance:imageSubmissionPortalTestcases.ImageSubmissionDropdown@32be31]" name="beforeClass" is-config="true" duration-ms="0" started-at="2016-09-02T02:04:37Z" finished-at="2016-09-02T02:04:37Z">
          <exception class="java.lang.NullPointerException">
            <full-stacktrace>
              <![CDATA[java.lang.NullPointerException
	at com.esri.test.auto.wrappers.GenericWrappers.invokeApp(GenericWrappers.java:65)
	at imageSubmissionPortalTestcases.ImageSubmissionDropdown.beforeClass(ImageSubmissionDropdown.java:44)
	at sun.reflect.NativeMethodAccessorImpl.invoke0(Native Method)
	at sun.reflect.NativeMethodAccessorImpl.invoke(Unknown Source)
	at sun.reflect.DelegatingMethodAccessorImpl.invoke(Unknown Source)
	at java.lang.reflect.Method.invoke(Unknown Source)
	at org.testng.internal.MethodInvocationHelper.invokeMethod(MethodInvocationHelper.java:100)
	at org.testng.internal.Invoker.invokeConfigurationMethod(Invoker.java:515)
	at org.testng.internal.Invoker.invokeConfigurations(Invoker.java:216)
	at org.testng.internal.Invoker.invokeConfigurations(Invoker.java:143)
	at org.testng.internal.TestMethodWorker.invokeBeforeClassMethods(TestMethodWorker.java:169)
	at org.testng.internal.TestMethodWorker.run(TestMethodWorker.java:108)
	at org.testng.TestRunner.privateRun(TestRunner.java:746)
	at org.testng.TestRunner.run(TestRunner.java:600)
	at org.testng.SuiteRunner.runTest(SuiteRunner.java:366)
	at org.testng.SuiteRunner.access$000(SuiteRunner.java:39)
	at org.testng.SuiteRunner$SuiteWorker.run(SuiteRunner.java:400)
	at org.testng.internal.thread.ThreadUtil$2.call(ThreadUtil.java:64)
	at java.util.concurrent.FutureTask.run(Unknown Source)
	at java.util.concurrent.ThreadPoolExecutor.runWorker(Unknown Source)
	at java.util.concurrent.ThreadPoolExecutor$Worker.run(Unknown Source)
	at java.lang.Thread.run(Unknown Source)
]]>
            </full-stacktrace>
          </exception> <!-- java.lang.NullPointerException -->
          <reporter-output>
          </reporter-output>
        </test-method> <!-- beforeClass -->
        <test-method status="SKIP" signature="ImageSubmissionPortaltest()[pri:0, instance:imageSubmissionPortalTestcases.ImageSubmissionDropdown@32be31]" name="ImageSubmissionPortaltest" duration-ms="3" started-at="2016-09-02T02:04:37Z" finished-at="2016-09-02T02:04:37Z">
          <reporter-output>
          </reporter-output>
        </test-method> <!-- ImageSubmissionPortaltest -->
        <test-method status="SKIP" signature="afterSuite()[pri:0, instance:imageSubmissionPortalTestcases.ImageSubmissionDropdown@32be31]" name="afterSuite" is-config="true" duration-ms="0" started-at="2016-09-02T02:04:37Z" finished-at="2016-09-02T02:04:37Z">
          <reporter-output>
          </reporter-output>
        </test-method> <!-- afterSuite -->
      </class> <!-- imageSubmissionPortalTestcases.ImageSubmissionDropdown -->
    </test> <!-- ImageSubmissionPortal -->
  </suite> <!-- Suite -->
</testng-results>
