<?xml version="1.0" encoding="UTF-8"?>
<testng-results skipped="0" failed="0" total="1" passed="1">
  <reporter-output>
  </reporter-output>
  <suite name="Suite" duration-ms="26564" started-at="2016-09-07T11:13:16Z" finished-at="2016-09-07T11:13:42Z">
    <groups>
    </groups>
    <test name="ImageSubmissionPortal" duration-ms="26564" started-at="2016-09-07T11:13:16Z" finished-at="2016-09-07T11:13:42Z">
      <class name="imageSubmissionPortalTestcases.ImageSubmissionDropdown">
        <test-method status="PASS" signature="setup(java.lang.String)[pri:0, instance:imageSubmissionPortalTestcases.ImageSubmissionDropdown@5383967b]" name="setup" is-config="true" duration-ms="4333" started-at="2016-09-07T16:43:16Z" finished-at="2016-09-07T16:43:20Z">
          <params>
            <param index="0">
              <value>
                <![CDATA[firefox]]>
              </value>
            </param>
          </params>
          <reporter-output>
          </reporter-output>
        </test-method> <!-- setup -->
        <test-method status="PASS" signature="ImageSubmissionPortaltest()[pri:0, instance:imageSubmissionPortalTestcases.ImageSubmissionDropdown@5383967b]" name="ImageSubmissionPortaltest" duration-ms="22218" started-at="2016-09-07T16:43:20Z" finished-at="2016-09-07T16:43:42Z">
          <reporter-output>
          </reporter-output>
        </test-method> <!-- ImageSubmissionPortaltest -->
        <test-method status="PASS" signature="afterSuite()[pri:0, instance:imageSubmissionPortalTestcases.ImageSubmissionDropdown@5383967b]" name="afterSuite" is-config="true" duration-ms="361" started-at="2016-09-07T16:43:42Z" finished-at="2016-09-07T16:43:43Z">
          <reporter-output>
          </reporter-output>
        </test-method> <!-- afterSuite -->
      </class> <!-- imageSubmissionPortalTestcases.ImageSubmissionDropdown -->
    </test> <!-- ImageSubmissionPortal -->
  </suite> <!-- Suite -->
</testng-results>
